<?xml version="1.0" encoding="UTF-8"?>
<!-- Generated by org.testng.reporters.JUnitReportReporter -->
<testsuite skipped="0" hostname="srv" name="com.testng.features.DP_Provider" tests="2" failures="0" timestamp="2022-09-29T13:08:17 IST" time="0.016" errors="0">
  <testcase name="family_data" time="0.000" classname="com.testng.features.DP_Provider"/>
  <system-out/>
  <testcase name="family_data" time="0.016" classname="com.testng.features.DP_Provider"/>
  <system-out/>
</testsuite> <!-- com.testng.features.DP_Provider -->
