<?xml version="1.0" encoding="UTF-8"?>
<!-- Generated by org.testng.reporters.JUnitReportReporter -->
<testsuite skipped="0" hostname="srv" name="com.testng.features.Annotations_Demo" tests="3" failures="0" timestamp="2022-09-27T12:32:39 IST" time="0.032" errors="0">
  <testcase name="casual_Dresses" time="0.016" classname="com.testng.features.Annotations_Demo"/>
  <system-out/>
  <testcase name="summer_Dress" time="0.016" classname="com.testng.features.Annotations_Demo"/>
  <system-out/>
  <testcase name="t_shirts" time="0.000" classname="com.testng.features.Annotations_Demo"/>
  <system-out/>
</testsuite> <!-- com.testng.features.Annotations_Demo -->
