<?xml version="1.0" encoding="UTF-8"?>
<!-- Generated by org.testng.reporters.JUnitReportReporter -->
<testsuite skipped="0" hostname="srv" name="com.testng.features.Description_Demo" tests="3" failures="0" timestamp="2022-09-27T12:58:28 IST" time="0.015" errors="0">
  <testcase name="browser_Launch" time="0.000" classname="com.testng.features.Description_Demo"/>
  <system-out/>
  <testcase name="url" time="0.000" classname="com.testng.features.Description_Demo"/>
  <system-out/>
  <testcase name="refresh" time="0.015" classname="com.testng.features.Description_Demo"/>
  <system-out/>
</testsuite> <!-- com.testng.features.Description_Demo -->
