<?xml version="1.0" encoding="UTF-8"?>
<!-- Generated by org.testng.reporters.JUnitReportReporter -->
<testsuite skipped="0" hostname="srv" name="com.testng.features.ParrallelTest_Demo" tests="2" failures="0" timestamp="2022-09-27T14:22:59 IST" time="41.114" errors="0">
  <testcase name="whatsapp" time="21.666" classname="com.testng.features.ParrallelTest_Demo"/>
  <system-out/>
  <testcase name="facebook" time="19.448" classname="com.testng.features.ParrallelTest_Demo"/>
  <system-out/>
</testsuite> <!-- com.testng.features.ParrallelTest_Demo -->
