<?xml version="1.0" encoding="UTF-8"?>
<!-- Generated by org.testng.reporters.JUnitReportReporter -->
<testsuite skipped="1" hostname="srv" name="com.testng.features.Ignore_Demo" tests="6" failures="0" timestamp="2022-09-27T14:08:35 IST" time="0.015" errors="0">
  <testcase name="reddit" time="0.000" classname="com.testng.features.Ignore_Demo"/>
  <system-out/>
  <testcase name="facebook" time="0.000" classname="com.testng.features.Ignore_Demo"/>
  <system-out/>
  <testcase name="whatsapp" time="0.000" classname="com.testng.features.Ignore_Demo"/>
  <system-out/>
  <testcase name="books" time="0.015" classname="com.testng.features.Ignore_Demo"/>
  <system-out/>
  <testcase name="storybook" time="0.000" classname="com.testng.features.Ignore_Demo"/>
  <system-out/>
  <testcase name="wynk" classname="com.testng.features.Ignore_Demo">
    <skipped/>
  </testcase> <!-- wynk -->
  <system-out/>
</testsuite> <!-- com.testng.features.Ignore_Demo -->
