<?xml version="1.0" encoding="UTF-8"?>
<!-- Generated by org.testng.reporters.JUnitReportReporter -->
<testsuite skipped="0" hostname="srv" name="com.testng.features.Adactin_Testng" tests="8" failures="0" timestamp="2022-09-29T22:07:54 IST" time="30.877" errors="0">
  <testcase name="gethotel" time="3.184" classname="com.testng.features.Adactin_Testng"/>
  <system-out/>
  <testcase name="hotel12" time="7.640" classname="com.testng.features.Adactin_Testng"/>
  <system-out/>
  <testcase name="continue_page" time="0.847" classname="com.testng.features.Adactin_Testng"/>
  <system-out/>
  <testcase name="bookhote" time="10.985" classname="com.testng.features.Adactin_Testng"/>
  <system-out/>
  <testcase name="hotel2" time="0.710" classname="com.testng.features.Adactin_Testng"/>
  <system-out/>
  <testcase name="newHotel" time="0.516" classname="com.testng.features.Adactin_Testng"/>
  <system-out/>
  <testcase name="boo2" time="0.936" classname="com.testng.features.Adactin_Testng"/>
  <system-out/>
  <testcase name="hotelname" time="6.059" classname="com.testng.features.Adactin_Testng"/>
  <system-out/>
</testsuite> <!-- com.testng.features.Adactin_Testng -->
