<?xml version="1.0" encoding="UTF-8"?>
<!-- Generated by org.testng.reporters.JUnitReportReporter -->
<testsuite skipped="0" hostname="srv" name="com.testng.features.Single_Parameter" tests="2" failures="0" timestamp="2022-09-28T21:29:48 IST" time="0.016" errors="0">
  <testcase name="family_data" time="0.000" classname="com.testng.features.Single_Parameter"/>
  <system-out/>
  <testcase name="family_data" time="0.016" classname="com.testng.features.Single_Parameter"/>
  <system-out/>
</testsuite> <!-- com.testng.features.Single_Parameter -->
